[1/100]
正在连接 Agent...
[耗时] ExternalUserId=user-7cee3c SessionId=b6f4575d-2aec-4224-a409-f07eef6e1ccc status=200 8.069s
hello

[2/100]
正在连接 Agent...
[耗时] ExternalUserId=user-930e15 SessionId=45b9bf86-c0e5-4884-ab39-7668d115fd51 status=200 7.932s
hello

[3/100]
正在连接 Agent...
[耗时] ExternalUserId=user-434a58 SessionId=a407fb7b-9fcb-44fb-8cd0-1e1c5ad2440d status=200 8.327s
hello

[4/100]
正在连接 Agent...
[耗时] ExternalUserId=user-241abe SessionId=7384827f-2ed4-4348-9459-e357ff202924 status=200 7.690s
hello

[5/100]
正在连接 Agent...
[耗时] ExternalUserId=user-c2cb56 SessionId=f79040df-791d-44b8-8e08-8cac4f39df0b status=200 7.724s
hello

[6/100]
正在连接 Agent...
[耗时] ExternalUserId=user-329ded SessionId=20c54b57-5302-48e7-bff0-c10a112a2983 status=200 7.345s
hello

[7/100]
正在连接 Agent...
[耗时] ExternalUserId=user-ce90f3 SessionId=bbc5e77f-4a83-408b-9d1f-c94d5ff8f7c0 status=200 8.348s
hello

[8/100]
正在连接 Agent...
[耗时] ExternalUserId=user-48e88f SessionId=548cdc2f-b280-4b39-8f22-b09809f7404b status=200 6.792s
hello

[9/100]
正在连接 Agent...
[耗时] ExternalUserId=user-b0faaa SessionId=6eb68d67-9ffc-481e-be89-02b66db6ab04 status=200 7.954s
hello

[10/100]
正在连接 Agent...
[耗时] ExternalUserId=user-b2815d SessionId=e5a10eca-f802-4d36-b7dd-77d582867683 status=200 7.263s
hello

[11/100]
正在连接 Agent...
[耗时] ExternalUserId=user-505736 SessionId=9d8665ee-887c-4ade-bbf0-2050059d34f1 status=200 8.148s
hello

[12/100]
正在连接 Agent...
[耗时] ExternalUserId=user-4a7abf SessionId=1f66f7ed-c3db-4eda-a982-ae89896af50d status=200 7.197s
hello

[13/100]
正在连接 Agent...
[耗时] ExternalUserId=user-b4be96 SessionId=c3faab0e-de02-4275-9bef-29330bbcf349 status=200 8.100s
hello

[14/100]
正在连接 Agent...
[耗时] ExternalUserId=user-757d85 SessionId=9834ae69-2df0-44df-bb5f-50cb00dd6bb5 status=200 8.662s
hello

[15/100]
正在连接 Agent...
[耗时] ExternalUserId=user-6b0f17 SessionId=f0bf9665-e88f-4896-ab42-7273018ac04d status=200 7.259s
hello

[16/100]
正在连接 Agent...
[耗时] ExternalUserId=user-5858b2 SessionId=a846b31c-e740-4551-ba3e-6e199cdfec8b status=200 7.540s
hello

[17/100]
正在连接 Agent...
[耗时] ExternalUserId=user-ffad35 SessionId=09869be7-dcb3-436b-b7ea-e4bb5a857c8a status=200 6.100s
hello

[18/100]
正在连接 Agent...
[耗时] ExternalUserId=user-fe5480 SessionId=8629c3ef-343f-4482-b3fb-2b48c226e420 status=200 7.782s
hello

[19/100]
正在连接 Agent...
[耗时] ExternalUserId=user-33cf0d SessionId=e6a8739e-3c35-47d9-bec4-664ef8e77bfc status=200 7.633s
hello

[20/100]
正在连接 Agent...
[耗时] ExternalUserId=user-2d688d SessionId=6e598c17-1f6a-442b-aa15-9beebc040bbc status=200 7.405s
hello

[21/100]
正在连接 Agent...
[耗时] ExternalUserId=user-77a210 SessionId=e03e8a87-2850-4086-8347-ff760516a6b2 status=200 7.469s
hello

[22/100]
正在连接 Agent...
[耗时] ExternalUserId=user-874c9e SessionId=9fd45371-f500-45d2-bbab-a50228099f5c status=200 8.003s
hello

[23/100]
正在连接 Agent...
[耗时] ExternalUserId=user-4bc51b SessionId=d4356f34-0106-4413-9f57-3b5f5bfefcd4 status=200 7.324s
hello

[24/100]
正在连接 Agent...
[耗时] ExternalUserId=user-fc3457 SessionId=e1dc4bf4-2dbf-4840-90f9-4f382e7ecda8 status=200 8.209s
hello

[25/100]
正在连接 Agent...
[耗时] ExternalUserId=user-813df7 SessionId=2bfbc595-a56b-4b31-b435-ab6a16b3372b status=200 8.067s
hello

[26/100]
正在连接 Agent...
[耗时] ExternalUserId=user-396e99 SessionId=82417ecd-2ff7-4837-b9db-41d5ad492cfb status=200 7.348s
hello

[27/100]
正在连接 Agent...
[耗时] ExternalUserId=user-ae3baa SessionId=4aafcf29-e043-4e0b-98a9-76c894dda6d1 status=200 7.906s
hello

[28/100]
正在连接 Agent...
[耗时] ExternalUserId=user-15e8b1 SessionId=6a5c5995-0a79-4652-a1cf-4da78564891e status=200 6.993s
hello

[29/100]
正在连接 Agent...
[耗时] ExternalUserId=user-32a5af SessionId=23344fad-938c-425b-8f49-9536cc7c0d1a status=200 7.535s
hello

[30/100]
正在连接 Agent...
[耗时] ExternalUserId=user-e25b8e SessionId=c5976e6e-46b1-4def-8ad7-0c12893eed22 status=200 7.058s
hello

[31/100]
正在连接 Agent...
[耗时] ExternalUserId=user-017cb8 SessionId=0a1f97b0-429a-4906-8e93-1e1a5b6dab5b status=200 7.411s
hello

[32/100]
正在连接 Agent...
[耗时] ExternalUserId=user-a9f579 SessionId=12a5ad30-2415-4c6c-b84b-58c644353dd4 status=200 9.198s
hello

[33/100]
正在连接 Agent...
[耗时] ExternalUserId=user-be3f2c SessionId=15fa4f8e-4009-490e-b429-d37aaa716e39 status=200 8.090s
hello

[34/100]
正在连接 Agent...
[耗时] ExternalUserId=user-5d61d7 SessionId=239db6f3-d875-4a17-aa5f-4a8a7fcbc802 status=200 7.410s
hello

[35/100]
正在连接 Agent...
[耗时] ExternalUserId=user-96aa87 SessionId=2a83196b-1015-4142-aad0-583b80e632ed status=200 7.597s
hello

[36/100]
正在连接 Agent...
[耗时] ExternalUserId=user-c0926b SessionId=1dbaa4d0-fefa-458b-a2d6-d4344412e990 status=200 8.485s
hello

[37/100]
正在连接 Agent...
[耗时] ExternalUserId=user-99a8be SessionId=ef847744-d942-478d-86e5-7db0dd043afb status=200 8.242s
hello，不要思考，直接返回我hello

[38/100]
正在连接 Agent...
[耗时] ExternalUserId=user-7c2599 SessionId=c40076c2-ef84-47c2-8ad9-e353eff15846 status=200 7.035s
hello

[39/100]
正在连接 Agent...
[耗时] ExternalUserId=user-cc145c SessionId=c9eeb0e8-1b59-4431-8977-48410971e84e status=200 6.352s
hello

[40/100]
正在连接 Agent...
[耗时] ExternalUserId=user-5fba78 SessionId=c9932c3b-e087-47bb-9528-a17b51823224 status=200 7.367s
hello

[41/100]
正在连接 Agent...
[耗时] ExternalUserId=user-12b75b SessionId=084deab5-8fdb-4668-8c7d-750a9f768655 status=200 6.528s
hello

[42/100]
正在连接 Agent...
[耗时] ExternalUserId=user-fb33e5 SessionId=dac5325f-485f-4ae2-b5ea-597540e422d4 status=200 8.400s
hello

[43/100]
正在连接 Agent...
[耗时] ExternalUserId=user-25a28f SessionId=c16a6fe0-7cdd-4eec-8af2-86fea6465460 status=200 7.325s
hello

[44/100]
正在连接 Agent...
[耗时] ExternalUserId=user-5ed9c8 SessionId=227df330-5e49-4818-b118-40b9d94bc76d status=200 7.055s
hello

[45/100]
正在连接 Agent...
[耗时] ExternalUserId=user-d2c16b SessionId=92ce59e5-4f6e-4b58-aa71-14d6c6183cd2 status=200 6.996s
hello

[46/100]
正在连接 Agent...
[耗时] ExternalUserId=user-ebfc6e SessionId=7a61f396-b0bb-46a7-aee0-f6647b743fa3 status=200 7.233s
hello

[47/100]
正在连接 Agent...
[耗时] ExternalUserId=user-a6f919 SessionId=b027a1d1-9b62-4de3-b511-7aef6b539b0c status=200 9.321s
hello

[48/100]
正在连接 Agent...
[耗时] ExternalUserId=user-c5c4b9 SessionId=d9fc02ce-0ca3-443e-9d46-6c9b0ed4b39e status=200 8.555s
hello

[49/100]
正在连接 Agent...
[耗时] ExternalUserId=user-fd4611 SessionId=23355907-4bee-4200-aeaa-07b84e2a9ae5 status=200 6.112s
hello

[50/100]
正在连接 Agent...
[耗时] ExternalUserId=user-3ef7e3 SessionId=0280a1af-8344-43d6-bdc0-61de753abe9d status=200 7.338s
hello

[51/100]
正在连接 Agent...
[耗时] ExternalUserId=user-fa30ff SessionId=884b224c-1356-4ff7-ad2f-f77f6948f140 status=200 7.880s
hello

[52/100]
正在连接 Agent...
[耗时] ExternalUserId=user-a3d249 SessionId=a9a02b58-3e24-416d-afa7-4bd11640c518 status=200 7.652s
hello

[53/100]
正在连接 Agent...
[耗时] ExternalUserId=user-f9645d SessionId=2a98b76f-ff82-4122-beee-dc5373335820 status=200 7.527s
hello

[54/100]
正在连接 Agent...
[耗时] ExternalUserId=user-ade4fe SessionId=f0d91e27-56c3-48a5-87fd-04491cc6e320 status=200 7.952s
hello

[55/100]
正在连接 Agent...
[耗时] ExternalUserId=user-9bf71d SessionId=b810f3e9-50dd-488a-aa48-ae48cd759711 status=200 8.237s
hello

[56/100]
正在连接 Agent...
[耗时] ExternalUserId=user-8c0996 SessionId=6cfbe65d-b186-4cf9-a5c5-bb2f59a19717 status=200 7.847s
hello，不要思考，直接返回我 hello

[57/100]
正在连接 Agent...
[耗时] ExternalUserId=user-65453c SessionId=24182db7-d3bb-44ea-81b0-fbb46a103e0d status=200 9.947s
hello

[58/100]
正在连接 Agent...
[耗时] ExternalUserId=user-499a44 SessionId=874ce4f6-8357-4a27-aac0-819648338bb9 status=200 7.188s
hello

[59/100]
正在连接 Agent...
[耗时] ExternalUserId=user-e122b2 SessionId=c1aa5b0f-0a0a-4814-95a8-99b35c0380ad status=200 7.782s
hello

[60/100]
正在连接 Agent...
[耗时] ExternalUserId=user-251b4d SessionId=48599192-cb4e-49fe-a6ba-27901dcb4a3c status=200 7.748s
hello

[61/100]
正在连接 Agent...
[耗时] ExternalUserId=user-8b60dd SessionId=e37020f8-9e3b-483c-81bf-b283aaeccb91 status=200 6.148s
hello

[62/100]
正在连接 Agent...
[耗时] ExternalUserId=user-087377 SessionId=ff90a746-de76-4da8-a76e-9757c0540969 status=200 9.118s
hello

[63/100]
正在连接 Agent...
[耗时] ExternalUserId=user-80e785 SessionId=4c32cc94-70e1-444f-ab9a-c1288720f009 status=200 7.369s
hello

[64/100]
正在连接 Agent...
[耗时] ExternalUserId=user-3aebec SessionId=260b32fe-6b5a-42a5-8e1f-60e58b4159a1 status=200 7.382s
hello

[65/100]
正在连接 Agent...
[耗时] ExternalUserId=user-ef1bfa SessionId=6e4caab1-2431-4f84-8e89-25828038a185 status=200 7.251s
hello

[66/100]
正在连接 Agent...
[耗时] ExternalUserId=user-8ae5ca SessionId=e1e3c914-2d2b-4ab6-b89f-0aa203772f2f status=200 7.287s
hello

[67/100]
正在连接 Agent...
[耗时] ExternalUserId=user-d98752 SessionId=e2903229-dbfa-47c5-aa5b-524c1beb2c6c status=200 7.371s
hello

[68/100]
正在连接 Agent...
[耗时] ExternalUserId=user-1032b8 SessionId=e6949943-ad1c-4464-ae1d-217213c34e40 status=200 7.411s
hello

[69/100]
正在连接 Agent...
[耗时] ExternalUserId=user-1e2d01 SessionId=7e2fc5fe-493e-460e-a528-409ade22ba24 status=200 7.011s
hello

[70/100]
正在连接 Agent...
[耗时] ExternalUserId=user-fbeb80 SessionId=8d6585fc-a347-4669-b8d1-4b3f869c7207 status=200 6.505s
hello

[71/100]
正在连接 Agent...
[耗时] ExternalUserId=user-17112f SessionId=c2947eef-4d23-4c2f-869e-becff972ef1a status=200 8.252s
hello

[72/100]
正在连接 Agent...
[耗时] ExternalUserId=user-bb1b03 SessionId=3ef07e6a-f492-41ac-b2a9-223004ebde82 status=200 8.699s
hello

[73/100]
正在连接 Agent...
[耗时] ExternalUserId=user-b5dc71 SessionId=f89d5faa-b301-42e0-af7e-c7c9cc9c6355 status=200 7.394s
hello

[74/100]
正在连接 Agent...
[耗时] ExternalUserId=user-a1f5c7 SessionId=aa42fd1f-5fa4-4330-a9d0-e682eb22b17b status=200 8.226s
hello

[75/100]
正在连接 Agent...
[耗时] ExternalUserId=user-5f4ac4 SessionId=8bdfb8ab-6d4f-4d2f-8fc1-a020d2722807 status=200 8.449s
hello

[76/100]
正在连接 Agent...
[耗时] ExternalUserId=user-d7f25e SessionId=1c32cbef-2cd6-4555-a3ed-d5a169f471cf status=200 6.852s
hello

[77/100]
正在连接 Agent...
[耗时] ExternalUserId=user-0439f6 SessionId=537c737d-fb6c-49ee-afd0-2fcade764885 status=200 7.867s
hello

[78/100]
正在连接 Agent...
[耗时] ExternalUserId=user-fdb10c SessionId=72109828-3ee4-4c3a-882b-17cabef422e3 status=200 8.847s
hello，不要思考，直接返回我 hello

[79/100]
正在连接 Agent...
[耗时] ExternalUserId=user-8d9cd5 SessionId=1836c1d5-63e9-41fd-8e8a-fc17f4c73679 status=200 9.224s
hello

[80/100]
正在连接 Agent...
[耗时] ExternalUserId=user-2413d0 SessionId=44a665da-4433-49f3-91c6-aea20cf92de3 status=200 8.655s
hello

[81/100]
正在连接 Agent...
[耗时] ExternalUserId=user-ef822b SessionId=a692eca0-96f3-4a16-b0b5-0dde07dd7c21 status=200 7.482s
hello

[82/100]
正在连接 Agent...
[耗时] ExternalUserId=user-f7724a SessionId=6a7a1712-423d-4b96-b764-cfec42b0cbfd status=200 6.888s
hello

[83/100]
正在连接 Agent...
[耗时] ExternalUserId=user-2796b0 SessionId=c7619cee-5cb3-4fb7-a3de-b87de7a3f915 status=200 9.550s
hello

[84/100]
正在连接 Agent...
[耗时] ExternalUserId=user-39b43a SessionId=424d87a4-8fb8-4d92-b21e-f5eaff41a40c status=200 11.366s
hello

[85/100]
正在连接 Agent...
[耗时] ExternalUserId=user-00e8f3 SessionId=7724ef99-fff9-4d7a-9e43-d9bd6e5511c8 status=200 7.941s
hello

[86/100]
正在连接 Agent...
[耗时] ExternalUserId=user-d9c6e1 SessionId=5d834778-6811-4222-9e02-7a776a11f441 status=200 7.878s
hello

[87/100]
正在连接 Agent...
[耗时] ExternalUserId=user-cf6602 SessionId=2af1e620-936f-4550-8668-da66e57ed698 status=200 6.376s
hello

[88/100]
正在连接 Agent...
[耗时] ExternalUserId=user-e8745b SessionId=2549289d-ce14-4d42-b67a-684935194f86 status=200 8.066s
hello

[89/100]
正在连接 Agent...
[耗时] ExternalUserId=user-819fd7 SessionId=c6f82bd3-0317-43dc-acf7-194cb87e29ab status=200 8.094s
hello

[90/100]
正在连接 Agent...
[耗时] ExternalUserId=user-fe1e56 SessionId=ade79a32-33b5-464d-83ef-b9974840da6f status=200 8.742s
hello

[91/100]
正在连接 Agent...
[耗时] ExternalUserId=user-0a4057 SessionId=70a33d58-f492-4e79-9825-374af6db19ef status=200 7.588s
hello

[92/100]
正在连接 Agent...
[耗时] ExternalUserId=user-14c24a SessionId=09f54ea3-a7bf-4b43-811e-6d8a38288e87 status=200 6.463s
hello

[93/100]
正在连接 Agent...
[耗时] ExternalUserId=user-c863c2 SessionId=23baa589-6853-49d7-91cf-ba4cc30ddb45 status=200 7.160s
hello

[94/100]
正在连接 Agent...
[耗时] ExternalUserId=user-888e04 SessionId=50bbba13-ac46-42a5-aef1-227c09909a08 status=200 10.303s
hello

[95/100]
正在连接 Agent...
[耗时] ExternalUserId=user-70d2bc SessionId=61bc0ec8-0b51-487b-a6ec-9069d7e6e211 status=200 7.492s
hello

[96/100]
正在连接 Agent...
[耗时] ExternalUserId=user-e6e16d SessionId=2aa0d79a-4be1-4f45-ac9c-1e94e737accb status=200 7.004s
hello

[97/100]
正在连接 Agent...
[耗时] ExternalUserId=user-bb73a4 SessionId=fc09f355-7190-4fce-9e97-d5bc5c434f3a status=200 7.211s
hello

[98/100]
正在连接 Agent...
[耗时] ExternalUserId=user-7c23d5 SessionId=ae77277b-7f43-4732-b9d8-02d6a1508713 status=200 8.182s
hello

[99/100]
正在连接 Agent...
[耗时] ExternalUserId=user-4d0cac SessionId=0ca29011-e1c2-4234-a504-de89bc2b787d status=200 7.241s
hello

[100/100]
正在连接 Agent...
[耗时] ExternalUserId=user-f549cb SessionId=64f5a6b5-af7c-41ed-9199-8dcdc3ddb59e status=200 7.149s
hello

