[1/100]
正在连接 Agent...
[耗时] ExternalUserId=user-7cee3c SessionId=b6f4575d-2aec-4224-a409-f07eef6e1ccc status=200 8.069s
hello

[2/100]
正在连接 Agent...
[耗时] ExternalUserId=user-930e15 SessionId=45b9bf86-c0e5-4884-ab39-7668d115fd51 status=200 7.932s
hello

[3/100]
正在连接 Agent...
[耗时] ExternalUserId=user-434a58 SessionId=a407fb7b-9fcb-44fb-8cd0-1e1c5ad2440d status=200 8.327s
hello

[4/100]
正在连接 Agent...
[耗时] ExternalUserId=user-241abe SessionId=7384827f-2ed4-4348-9459-e357ff202924 status=200 7.690s
hello

[5/100]
正在连接 Agent...
[耗时] ExternalUserId=user-c2cb56 SessionId=f79040df-791d-44b8-8e08-8cac4f39df0b status=200 7.724s
hello

[6/100]
正在连接 Agent...
[耗时] ExternalUserId=user-329ded SessionId=20c54b57-5302-48e7-bff0-c10a112a2983 status=200 7.345s
hello

[7/100]
正在连接 Agent...
[耗时] ExternalUserId=user-ce90f3 SessionId=bbc5e77f-4a83-408b-9d1f-c94d5ff8f7c0 status=200 8.348s
hello

[8/100]
正在连接 Agent...
[耗时] ExternalUserId=user-48e88f SessionId=548cdc2f-b280-4b39-8f22-b09809f7404b status=200 6.792s
hello

[9/100]
正在连接 Agent...
[耗时] ExternalUserId=user-b0faaa SessionId=6eb68d67-9ffc-481e-be89-02b66db6ab04 status=200 7.954s
hello

[10/100]
正在连接 Agent...
[耗时] ExternalUserId=user-b2815d SessionId=e5a10eca-f802-4d36-b7dd-77d582867683 status=200 7.263s
hello

[11/100]
正在连接 Agent...
[耗时] ExternalUserId=user-505736 SessionId=9d8665ee-887c-4ade-bbf0-2050059d34f1 status=200 8.148s
hello

[12/100]
正在连接 Agent...
[耗时] ExternalUserId=user-4a7abf SessionId=1f66f7ed-c3db-4eda-a982-ae89896af50d status=200 7.197s
hello

[13/100]
正在连接 Agent...
[耗时] ExternalUserId=user-b4be96 SessionId=c3faab0e-de02-4275-9bef-29330bbcf349 status=200 8.100s
hello

[14/100]
正在连接 Agent...
[耗时] ExternalUserId=user-757d85 SessionId=9834ae69-2df0-44df-bb5f-50cb00dd6bb5 status=200 8.662s
hello

[15/100]
正在连接 Agent...
[耗时] ExternalUserId=user-6b0f17 SessionId=f0bf9665-e88f-4896-ab42-7273018ac04d status=200 7.259s
hello

[16/100]
正在连接 Agent...
[耗时] ExternalUserId=user-5858b2 SessionId=a846b31c-e740-4551-ba3e-6e199cdfec8b status=200 7.540s
hello

[17/100]
正在连接 Agent...
[耗时] ExternalUserId=user-ffad35 SessionId=09869be7-dcb3-436b-b7ea-e4bb5a857c8a status=200 6.100s
hello

[18/100]
正在连接 Agent...
[耗时] ExternalUserId=user-fe5480 SessionId=8629c3ef-343f-4482-b3fb-2b48c226e420 status=200 7.782s
hello

[19/100]
正在连接 Agent...
[耗时] ExternalUserId=user-33cf0d SessionId=e6a8739e-3c35-47d9-bec4-664ef8e77bfc status=200 7.633s
hello

[20/100]
正在连接 Agent...
[耗时] ExternalUserId=user-2d688d SessionId=6e598c17-1f6a-442b-aa15-9beebc040bbc status=200 7.405s
hello

[21/100]
正在连接 Agent...
[耗时] ExternalUserId=user-77a210 SessionId=e03e8a87-2850-4086-8347-ff760516a6b2 status=200 7.469s
hello

[22/100]
正在连接 Agent...
[耗时] ExternalUserId=user-874c9e SessionId=9fd45371-f500-45d2-bbab-a50228099f5c status=200 8.003s
hello

[23/100]
正在连接 Agent...
[耗时] ExternalUserId=user-4bc51b SessionId=d4356f34-0106-4413-9f57-3b5f5bfefcd4 status=200 7.324s
hello

[24/100]
正在连接 Agent...
[耗时] ExternalUserId=user-fc3457 SessionId=e1dc4bf4-2dbf-4840-90f9-4f382e7ecda8 status=200 8.209s
hello

[25/100]
正在连接 Agent...
[耗时] ExternalUserId=user-813df7 SessionId=2bfbc595-a56b-4b31-b435-ab6a16b3372b status=200 8.067s
hello

[26/100]
正在连接 Agent...
[耗时] ExternalUserId=user-396e99 SessionId=82417ecd-2ff7-4837-b9db-41d5ad492cfb status=200 7.348s
hello

[27/100]
正在连接 Agent...
[耗时] ExternalUserId=user-ae3baa SessionId=4aafcf29-e043-4e0b-98a9-76c894dda6d1 status=200 7.906s
hello

[28/100]
正在连接 Agent...
[耗时] ExternalUserId=user-15e8b1 SessionId=6a5c5995-0a79-4652-a1cf-4da78564891e status=200 6.993s
hello

[29/100]
正在连接 Agent...
[耗时] ExternalUserId=user-32a5af SessionId=23344fad-938c-425b-8f49-9536cc7c0d1a status=200 7.535s
hello

[30/100]
正在连接 Agent...
[耗时] ExternalUserId=user-e25b8e SessionId=c5976e6e-46b1-4def-8ad7-0c12893eed22 status=200 7.058s
hello

[31/100]
正在连接 Agent...
[耗时] ExternalUserId=user-017cb8 SessionId=0a1f97b0-429a-4906-8e93-1e1a5b6dab5b status=200 7.411s
hello

[32/100]
正在连接 Agent...
[耗时] ExternalUserId=user-a9f579 SessionId=12a5ad30-2415-4c6c-b84b-58c644353dd4 status=200 9.198s
hello

[33/100]
正在连接 Agent...
[耗时] ExternalUserId=user-be3f2c SessionId=15fa4f8e-4009-490e-b429-d37aaa716e39 status=200 8.090s
hello

[34/100]
正在连接 Agent...
[耗时] ExternalUserId=user-5d61d7 SessionId=239db6f3-d875-4a17-aa5f-4a8a7fcbc802 status=200 7.410s
hello

[35/100]
正在连接 Agent...
[耗时] ExternalUserId=user-96aa87 SessionId=2a83196b-1015-4142-aad0-583b80e632ed status=200 7.597s
hello

[36/100]
正在连接 Agent...
[耗时] ExternalUserId=user-c0926b SessionId=1dbaa4d0-fefa-458b-a2d6-d4344412e990 status=200 8.485s
hello

[37/100]
正在连接 Agent...
[耗时] ExternalUserId=user-99a8be SessionId=ef847744-d942-478d-86e5-7db0dd043afb status=200 8.242s
hello，不要思考，直接返回我hello

[38/100]
正在连接 Agent...
[耗时] ExternalUserId=user-7c2599 SessionId=c40076c2-ef84-47c2-8ad9-e353eff15846 status=200 7.035s
hello

[39/100]
正在连接 Agent...
[耗时] ExternalUserId=user-cc145c SessionId=c9eeb0e8-1b59-4431-8977-48410971e84e status=200 6.352s
hello

[40/100]
正在连接 Agent...
[耗时] ExternalUserId=user-5fba78 SessionId=c9932c3b-e087-47bb-9528-a17b51823224 status=200 7.367s
hello

[41/100]
正在连接 Agent...
[耗时] ExternalUserId=user-12b75b SessionId=084deab5-8fdb-4668-8c7d-750a9f768655 status=200 6.528s
hello

[42/100]
正在连接 Agent...
[耗时] ExternalUserId=user-fb33e5 SessionId=dac5325f-485f-4ae2-b5ea-597540e422d4 status=200 8.400s
hello

[43/100]
正在连接 Agent...
[耗时] ExternalUserId=user-25a28f SessionId=c16a6fe0-7cdd-4eec-8af2-86fea6465460 status=200 7.325s
hello

[44/100]
正在连接 Agent...
[耗时] ExternalUserId=user-5ed9c8 SessionId=227df330-5e49-4818-b118-40b9d94bc76d status=200 7.055s
hello

[45/100]
正在连接 Agent...
[耗时] ExternalUserId=user-d2c16b SessionId=92ce59e5-4f6e-4b58-aa71-14d6c6183cd2 status=200 6.996s
hello

[46/100]
正在连接 Agent...
[耗时] ExternalUserId=user-ebfc6e SessionId=7a61f396-b0bb-46a7-aee0-f6647b743fa3 status=200 7.233s
hello

[47/100]
正在连接 Agent...
[耗时] ExternalUserId=user-a6f919 SessionId=b027a1d1-9b62-4de3-b511-7aef6b539b0c status=200 9.321s
hello

[48/100]
正在连接 Agent...
[耗时] ExternalUserId=user-c5c4b9 SessionId=d9fc02ce-0ca3-443e-9d46-6c9b0ed4b39e status=200 8.555s
hello

[49/100]
正在连接 Agent...
[耗时] ExternalUserId=user-fd4611 SessionId=23355907-4bee-4200-aeaa-07b84e2a9ae5 status=200 6.112s
hello

[50/100]
正在连接 Agent...
[耗时] ExternalUserId=user-3ef7e3 SessionId=0280a1af-8344-43d6-bdc0-61de753abe9d status=200 7.338s
hello

[51/100]
正在连接 Agent...
[耗时] ExternalUserId=user-fa30ff SessionId=884b224c-1356-4ff7-ad2f-f77f6948f140 status=200 7.880s
hello

[52/100]
正在连接 Agent...
[耗时] ExternalUserId=user-a3d249 SessionId=a9a02b58-3e24-416d-afa7-4bd11640c518 status=200 7.652s
hello

[53/100]
正在连接 Agent...
[耗时] ExternalUserId=user-f9645d SessionId=2a98b76f-ff82-4122-beee-dc5373335820 status=200 7.527s
hello