[1/100]
正在连接 Agent...
[耗时] ExternalUserId=user-4dd527 SessionId=caf0ee78-52b8-4a5d-b94e-2a283c406ac2 status=200 21.008s
hello

[2/100]
正在连接 Agent...
[耗时] ExternalUserId=user-d40d6f SessionId=2cab4d41-a122-470e-9677-94e49a4827fe status=200 20.572s
hello

[3/100]
正在连接 Agent...
[耗时] ExternalUserId=user-956c72 SessionId=f01368f9-716d-44ed-8dbd-01929fa7eaa4 status=200 24.319s
hello

[4/100]
正在连接 Agent...
[耗时] ExternalUserId=user-69111b SessionId=3e9cf419-2fcf-48c2-af3e-3b529c1f28c4 status=200 20.558s
hello

[5/100]
正在连接 Agent...
[耗时] ExternalUserId=user-2a859e SessionId=8060325f-45bd-4348-995c-45cda0a082cd status=200 24.144s
hello

[6/100]
正在连接 Agent...
[耗时] ExternalUserId=user-27fc15 SessionId=821ce21c-4e21-4e9b-b0eb-3a6f3d58b70d status=200 27.207s
hello

[7/100]
正在连接 Agent...
[耗时] ExternalUserId=user-e32a45 SessionId=3b9adb98-fcbd-4dc1-8187-72ddc573dac7 status=200 54.912s
hello

[8/100]
正在连接 Agent...
[耗时] ExternalUserId=user-a1ede7 SessionId=e98384f7-9348-4107-aeba-eec967d2008e status=200 22.620s
hello

[9/100]
正在连接 Agent...
[耗时] ExternalUserId=user-ef6ea5 SessionId=deb3396f-2806-4b0a-93f4-a22b9a73a5e8 status=200 23.662s
hello

[10/100]
正在连接 Agent...
[耗时] ExternalUserId=user-33474a SessionId=4d3daa46-e97b-425e-87b5-f5deaa4480fa status=200 28.939s
hello

[11/100]
正在连接 Agent...
[耗时] ExternalUserId=user-3007a9 SessionId=3f9c7758-c99a-4e90-bfdb-2e29e46d10d6 status=200 27.008s
hello

[12/100]
正在连接 Agent...
[耗时] ExternalUserId=user-d02c77 SessionId=f54a9fe6-1b55-4c6c-ad7a-3c803607c9d3 status=200 25.111s
hello

[13/100]
正在连接 Agent...
[耗时] ExternalUserId=user-6dbbf3 SessionId=89b24f8d-3227-4105-875b-cf35751fa794 status=200 21.600s
hello

[14/100]
正在连接 Agent...
[耗时] ExternalUserId=user-2bf178 SessionId=85744f90-786e-40d5-822f-8b5bfb906b2e status=200 21.261s
hello

[15/100]
正在连接 Agent...
[耗时] ExternalUserId=user-ce0bf4 SessionId=eae8a643-9ed8-43bc-ad42-8e5e41be1a87 status=200 20.443s
hello

[16/100]
正在连接 Agent...
[耗时] ExternalUserId=user-7c7f69 SessionId=e4a65b29-5076-4321-857d-6011f5f1ac55 status=200 33.082s
hello

[17/100]
正在连接 Agent...
[耗时] ExternalUserId=user-eb18fa SessionId=989a94d9-8c6e-485e-b98c-4fc8fcae15f7 status=200 24.076s
hello

[18/100]
正在连接 Agent...
[耗时] ExternalUserId=user-6a08d9 SessionId=1a6b7687-222e-4adf-ad08-1da1d565ba35 status=200 27.950s
hello

[19/100]
正在连接 Agent...
[耗时] ExternalUserId=user-2ca4a5 SessionId=95846763-56ab-4ed7-bb58-8035f27ad8ab status=200 20.390s
hello

[20/100]
正在连接 Agent...
[耗时] ExternalUserId=user-45ee54 SessionId=91fe2433-2fad-472c-bc9e-2a5757831777 status=200 20.975s
hello

[21/100]
正在连接 Agent...
[耗时] ExternalUserId=user-80b33b SessionId=a2d9270c-3e8c-41c0-a443-ae724ce95b55 status=200 19.975s
hello

[22/100]
正在连接 Agent...
[耗时] ExternalUserId=user-422292 SessionId=193e718e-ac37-4808-9302-0855a990e9de status=200 21.897s
hello 👋

[23/100]
正在连接 Agent...
[耗时] ExternalUserId=user-06d79d SessionId=abd66f54-99de-4b11-af05-a91272a06171 status=200 22.633s
hello

[24/100]
正在连接 Agent...
[耗时] ExternalUserId=user-6890d9 SessionId=a9ab5e0a-30db-4898-aa64-4f8e57f7b38a status=200 20.167s
hello

[25/100]
正在连接 Agent...
[耗时] ExternalUserId=user-d752cd SessionId=fe5d1260-d0f4-4208-ac09-e7ed661bde6b status=200 21.312s
hello

[26/100]
正在连接 Agent...
[耗时] ExternalUserId=user-b9fc73 SessionId=fd55d43b-f86d-4a2a-bef0-124feb9cdda2 status=200 23.138s
hello

[27/100]
正在连接 Agent...
[耗时] ExternalUserId=user-939aa6 SessionId=a56b7d3b-bf7f-47bd-9749-28126846ebf6 status=200 19.634s
hello

[28/100]
正在连接 Agent...
[耗时] ExternalUserId=user-08c1d0 SessionId=aaf59a8c-a93b-40b8-9bbe-7e2f3d28684a status=200 20.135s
hello

[29/100]
正在连接 Agent...
[耗时] ExternalUserId=user-707dd9 SessionId=c241eb77-0b9f-42b4-82be-6d772f35e8ae status=200 23.821s
hello

[30/100]
正在连接 Agent...
[耗时] ExternalUserId=user-6bfe47 SessionId=c4f70837-a697-4706-ba10-4ddd7c41871c status=200 22.986s
hello

[31/100]
正在连接 Agent...
[耗时] ExternalUserId=user-2d5ecb SessionId=66e6ee58-a97d-45bc-ba06-d210e11120c6 status=200 27.397s
hello

[32/100]
正在连接 Agent...
[耗时] ExternalUserId=user-2d92a6 SessionId=60014416-5668-47b0-b9e7-33071b7800c9 status=200 24.736s
hello

[33/100]
正在连接 Agent...
[耗时] ExternalUserId=user-990abd SessionId=6b9790cb-a64b-4472-81a9-7510dab35d54 status=200 21.687s
hello

[34/100]
正在连接 Agent...
[耗时] ExternalUserId=user-9eba16 SessionId=28dac66b-a3a0-416e-8b29-313b1fd2aff2 status=200 58.366s
hello

[35/100]
正在连接 Agent...
[耗时] ExternalUserId=user-ecc66c SessionId=ce1476c1-616a-46d7-bab6-73c0feda5880 status=200 26.657s
hello

[36/100]
正在连接 Agent...
[耗时] ExternalUserId=user-8900be SessionId=635e9c34-0474-41ef-ab5b-91e4093d3403 status=200 26.890s
hello

[37/100]
正在连接 Agent...
[耗时] ExternalUserId=user-99fc58 SessionId=c483dac1-1a9f-4d85-8537-0fa95722d555 status=200 23.005s
hello

[38/100]
正在连接 Agent...
[耗时] ExternalUserId=user-8c5eaa SessionId=fe0727f3-fea0-42b7-8149-c1b223263d16 status=200 23.095s
hello

[39/100]
正在连接 Agent...
[耗时] ExternalUserId=user-f0ed6e SessionId=db55b9e0-4d5a-48c1-953f-514f143030a6 status=200 24.401s
hello

[40/100]
正在连接 Agent...
[耗时] ExternalUserId=user-f9579f SessionId=cbc31c18-ba6d-4668-b6e7-683e36264fbf status=200 26.799s
hello

[41/100]
正在连接 Agent...
[耗时] ExternalUserId=user-12ee34 SessionId=9dde2bf8-6710-4e48-a918-c4f8d4f23d1d status=200 24.209s
hello

[42/100]
正在连接 Agent...
[耗时] ExternalUserId=user-6a9209 SessionId=e57dfd10-aa4e-4706-aba4-7455376f6ab2 status=200 23.515s
hello

[43/100]
正在连接 Agent...
[耗时] ExternalUserId=user-0fce81 SessionId=d648e599-0b2a-488c-aada-9095567582ff status=200 26.094s
hello

[44/100]
正在连接 Agent...
[耗时] ExternalUserId=user-0cfe88 SessionId=d0e8a34b-f67d-432c-a6a4-9b834c57798a status=200 22.286s
hello

[45/100]
正在连接 Agent...
[耗时] ExternalUserId=user-c81ea7 SessionId=4bf131a6-ec15-41ce-a514-6a0c9fdc67ba status=200 24.493s
hello

[46/100]
正在连接 Agent...
[耗时] ExternalUserId=user-293cae SessionId=7c36b5c9-42ae-4df8-9f31-a285888bbcd3 status=200 23.572s
hello

[47/100]
正在连接 Agent...
[耗时] ExternalUserId=user-c79f56 SessionId=171b9d18-6750-46c0-9090-62ed4fe201ad status=200 21.720s
hello

[48/100]
正在连接 Agent...
[耗时] ExternalUserId=user-f65ab0 SessionId=c3eb3f58-2b8e-4743-ade0-7012a94c0ef1 status=200 21.785s
hello

[49/100]
正在连接 Agent...
[耗时] ExternalUserId=user-63cd00 SessionId=f3b48e3e-a425-4d73-9cb2-406e02a079d6 status=200 25.046s
hello

[50/100]
正在连接 Agent...
[耗时] ExternalUserId=user-78dabf SessionId=746d6cd3-9307-44b9-8b7b-bc91f1057d3c status=200 24.320s
hello

[51/100]
正在连接 Agent...
[耗时] ExternalUserId=user-93b061 SessionId=48373466-26d6-4cb4-b666-aca10d843b00 status=200 21.552s
hello

[52/100]
正在连接 Agent...
[耗时] ExternalUserId=user-7a4741 SessionId=db954b57-ec32-47bb-bce2-563ac27b5522 status=200 24.232s
hello

[53/100]
正在连接 Agent...
[耗时] ExternalUserId=user-5cc7f5 SessionId=fae652e8-376d-4cb7-bde7-3203e0336bc5 status=200 21.476s
hello

[54/100]
正在连接 Agent...
[耗时] ExternalUserId=user-092f7d SessionId=d47e4e56-8dee-4c55-87e1-b3d537808283 status=200 27.791s
hello

[55/100]
正在连接 Agent...
[耗时] ExternalUserId=user-a3be6b SessionId=5f1592d6-de3a-4376-bbf7-a7758ac24ce7 status=200 23.760s
hello

[56/100]
正在连接 Agent...
[耗时] ExternalUserId=user-36cd72 SessionId=9fcbed26-0328-46ca-9c04-4467dde6cc26 status=200 24.336s
hello

[57/100]
正在连接 Agent...
[耗时] ExternalUserId=user-83ef75 SessionId=a6a02138-8606-4db1-96d8-161157273462 status=200 20.623s
hello

[58/100]
正在连接 Agent...
[耗时] ExternalUserId=user-9dc80c SessionId=4a09f67e-c6d1-4baf-bc26-334cea5fa0ae status=200 21.777s
hello

[59/100]
正在连接 Agent...
[耗时] ExternalUserId=user-b50230 SessionId=7b790f5d-19b2-4c3b-880d-4da277945de3 status=200 22.771s
hello

[60/100]
正在连接 Agent...
[耗时] ExternalUserId=user-be0a9d SessionId=4c15de6c-9956-44cf-8b80-71e9f27b6937 status=200 22.717s
hello

[61/100]
正在连接 Agent...
[耗时] ExternalUserId=user-8d3706 SessionId=1ba290bd-157a-4808-8fbc-d7ecd489b1a9 status=200 25.834s
hello

[62/100]
正在连接 Agent...
[耗时] ExternalUserId=user-aec6df SessionId=bfab523a-a3fe-49f5-ab0b-327c115cdabf status=200 23.914s
hello

[63/100]
正在连接 Agent...
[耗时] ExternalUserId=user-df3506 SessionId=d62336e9-2a5e-4d53-94c2-26285592a5b8 status=200 24.043s
hello

[64/100]
正在连接 Agent...
[耗时] ExternalUserId=user-2552de SessionId=5a80a97f-eeb4-44fb-b8a8-91411f124986 status=200 23.003s
hello

[65/100]
正在连接 Agent...
[耗时] ExternalUserId=user-b28cf0 SessionId=2833a091-0aff-4d01-b353-cbc08633f000 status=200 21.189s
hello

[66/100]
正在连接 Agent...
[耗时] ExternalUserId=user-e85352 SessionId=6b56f522-b358-4756-aa5e-d3b52c782c8e status=200 22.493s
hello

[67/100]
正在连接 Agent...
[耗时] ExternalUserId=user-fc7a11 SessionId=8b4bfb0d-1391-49cf-a2c1-5b2a4c11290c status=200 23.965s
hello

[68/100]
正在连接 Agent...
[耗时] ExternalUserId=user-bfab71 SessionId=63e4e6c3-2741-4af8-b6bc-95e4f15ed307 status=200 23.416s
hello

[69/100]
正在连接 Agent...
[耗时] ExternalUserId=user-0e358f SessionId=2402356e-7f4a-482e-b116-73b10698ee68 status=200 23.029s
hello

[70/100]
正在连接 Agent...
[耗时] ExternalUserId=user-1a64d1 SessionId=357d0084-d01c-4839-858d-e704ca8be187 status=200 23.421s
hello

[71/100]
正在连接 Agent...
[耗时] ExternalUserId=user-fd471b SessionId=87d1cbac-f41c-4d11-9862-17eff1112e29 status=200 24.057s
hello

[72/100]
正在连接 Agent...
[耗时] ExternalUserId=user-7d7176 SessionId=ee0217a5-b4a4-479e-a5c1-8a7ec69f636f status=200 24.005s
hello

[73/100]
正在连接 Agent...
[耗时] ExternalUserId=user-cf082d SessionId=c80ec3d0-e2a6-405d-8830-05daa7b883d8 status=200 23.927s
hello

[74/100]
正在连接 Agent...
[耗时] ExternalUserId=user-f6f67f SessionId=1b6d1453-c883-4bd9-af88-bc9fa84c5c3b status=200 23.331s
hello

[75/100]
正在连接 Agent...
[耗时] ExternalUserId=user-24069a SessionId=c52d0fdd-fae5-4388-b32c-84f43ecd19a1 status=200 57.134s
hello

[76/100]
正在连接 Agent...
[耗时] ExternalUserId=user-2d7721 SessionId=85edcfae-76a5-4720-98ea-4e85777809f3 status=200 23.393s
hello

[77/100]
正在连接 Agent...
[耗时] ExternalUserId=user-e07d02 SessionId=0e83833d-c9e6-43eb-bf49-0a0c4671ac31 status=200 27.862s
hello

[78/100]
正在连接 Agent...
[耗时] ExternalUserId=user-c4ce53 SessionId=c983cd70-a8a6-4574-a84e-125dca71b2b1 status=200 21.917s
hello

[79/100]
正在连接 Agent...
[耗时] ExternalUserId=user-7e9780 SessionId=a07403b3-d45f-4811-b045-32ae47d4a08e status=200 20.417s
hello

[80/100]
正在连接 Agent...
[耗时] ExternalUserId=user-995599 SessionId=f17bbddf-ae42-480d-a0d3-a6179d1da468 status=200 20.600s
hello

[81/100]
正在连接 Agent...
[耗时] ExternalUserId=user-e038bc SessionId=8c051996-9283-4c5d-98d0-afcc5b1bf469 status=200 21.174s
hello

[82/100]
正在连接 Agent...
[耗时] ExternalUserId=user-9e5c6f SessionId=9785814c-419a-4443-87fc-1b0b748c9705 status=200 24.492s
hello

[83/100]
正在连接 Agent...
[耗时] ExternalUserId=user-953e37 SessionId=f3cfe2a0-4488-4347-aa15-0ce333313d95 status=200 21.298s
hello

[84/100]
正在连接 Agent...
[耗时] ExternalUserId=user-fd5206 SessionId=ec6d8c8d-5fbd-45a3-b32e-5dd01825ffc4 status=200 23.021s
hello

[85/100]
正在连接 Agent...
[耗时] ExternalUserId=user-ee281a SessionId=7272af23-ce13-47c2-8519-1eedf548c348 status=200 22.721s
hello

[86/100]
正在连接 Agent...
[耗时] ExternalUserId=user-a42d24 SessionId=daa6d79d-4dfa-4812-987a-8b52ecb39a4f status=200 25.328s
hello

[87/100]
正在连接 Agent...
[耗时] ExternalUserId=user-66a112 SessionId=8d7f27e6-0547-468a-ab36-8408a5bdaf2c status=200 23.040s
hello

[88/100]
正在连接 Agent...
[耗时] ExternalUserId=user-372c6a SessionId=fcda3938-f1a9-46ea-83cc-08a4368247ed status=200 23.379s
hello

[89/100]
正在连接 Agent...
[耗时] ExternalUserId=user-cf0a31 SessionId=5e7acbdc-7560-46b5-a5e5-0906c60fa51b status=200 23.137s
hello

[90/100]
正在连接 Agent...
[耗时] ExternalUserId=user-c08886 SessionId=90f3ea6d-5340-44b3-80ea-9ba2ec68b540 status=200 23.876s
hello

[91/100]
正在连接 Agent...
[耗时] ExternalUserId=user-dc91a3 SessionId=06b859e4-95a2-46cb-8988-0b3e57738658 status=200 24.681s
hello

[92/100]
正在连接 Agent...
[耗时] ExternalUserId=user-4e1db9 SessionId=95d31c9b-e4cb-4730-9cdb-bb642f87ac3e status=200 21.434s
hello

[93/100]
正在连接 Agent...
[耗时] ExternalUserId=user-b35858 SessionId=84ebdbe5-437f-48bb-b007-caab547faa48 status=200 24.388s
hello

[94/100]
正在连接 Agent...
[耗时] ExternalUserId=user-b20c09 SessionId=14b8da61-7596-44dc-80c3-c4bd281ed10a status=200 22.337s
hello

[95/100]
正在连接 Agent...
[耗时] ExternalUserId=user-b21178 SessionId=57c7836d-22d3-4e96-8a1d-83ba87fc6976 status=200 25.968s
hello

[96/100]
正在连接 Agent...
[耗时] ExternalUserId=user-77babf SessionId=b20a3e72-b280-494e-82df-1aac88e9d16d status=200 23.242s
hello

[97/100]
正在连接 Agent...
[耗时] ExternalUserId=user-dc3d9e SessionId=c3b7398b-d426-42cf-99f7-ce2b37e4641d status=200 20.416s
hello

[98/100]
正在连接 Agent...
[耗时] ExternalUserId=user-bab550 SessionId=8a6cc464-1029-4b01-9190-8e45acb9df89 status=200 22.174s
hello

[99/100]
正在连接 Agent...
[耗时] ExternalUserId=user-82a7a1 SessionId=8bf26b52-ebe6-4d9c-8079-ce006d37c7e5 status=200 19.942s
hello

[100/100]
正在连接 Agent...
[耗时] ExternalUserId=user-6b1527 SessionId=77a1be36-3aaf-467c-b63a-38c61aa3cee8 status=200 19.752s
hello

